2025-11-21 10:50:50,210 - polygon - INFO - Connection to KeyDB Complete.
2025-11-21 10:50:50,210 - polygon - INFO - Starting Polygon Producer
2025-11-21 10:50:50,210 - polygon - INFO - Connection to Polygon for Indexes Complete.
2025-11-21 10:50:50,210 - polygon - INFO - Connection to Polygon for Options Complete.
2025-11-21 10:50:50,212 - polygon - INFO - Subscribed to V.I:SPX
2025-11-21 10:50:50,212 - polygon - INFO - Starting mp.Queue for 1
2025-11-21 10:50:50,212 - polygon - INFO - Subscribed to V.I:DJI
2025-11-21 10:50:50,212 - polygon - INFO - Subscribed to V.I:NDX
2025-11-21 10:50:50,212 - polygon - INFO - Subscribed to V.I:VIX
2025-11-21 10:50:50,212 - polygon - INFO - Indices Data subscription complete
2025-11-21 10:50:50,213 - polygon - INFO - Starting mp.Queue for 2
2025-11-21 10:50:50,213 - polygon - INFO - Subscribed to T.O:SPX251121C06485000
2025-11-21 10:50:50,213 - polygon - INFO - Subscribed to Q.O:SPX251121C06485000
2025-11-21 10:50:50,213 - polygon - INFO - Subscribed to T.O:SPX251121C06490000
2025-11-21 10:50:50,213 - polygon - INFO - Subscribed to Q.O:SPX251121C06490000
2025-11-21 10:50:50,213 - polygon - INFO - Subscribed to T.O:SPX251121C06495000
2025-11-21 10:50:50,213 - polygon - INFO - Subscribed to Q.O:SPX251121C06495000
2025-11-21 10:50:50,213 - polygon - INFO - Subscribed to T.O:SPX251121C06500000
2025-11-21 10:50:50,213 - polygon - INFO - Subscribed to Q.O:SPX251121C06500000
2025-11-21 10:50:50,213 - polygon - INFO - Subscribed to T.O:SPX251121C06505000
2025-11-21 10:50:50,213 - polygon - INFO - Subscribed to Q.O:SPX251121C06505000
2025-11-21 10:50:50,213 - polygon - INFO - Subscribed to T.O:SPX251121C06510000
2025-11-21 10:50:50,214 - polygon - INFO - Subscribed to Q.O:SPX251121C06510000
2025-11-21 10:50:50,214 - polygon - INFO - Subscribed to T.O:SPX251121C06515000
2025-11-21 10:50:50,214 - polygon - INFO - Subscribed to Q.O:SPX251121C06515000
2025-11-21 10:50:50,214 - polygon - INFO - Subscribed to T.O:SPX251121C06520000
2025-11-21 10:50:50,214 - polygon - INFO - Subscribed to Q.O:SPX251121C06520000
2025-11-21 10:50:50,213 - polygon - INFO - Starting mp.Queue for 3
2025-11-21 10:50:50,214 - polygon - INFO - Subscribed to T.O:SPX251121C06525000
2025-11-21 10:50:50,214 - polygon - INFO - Subscribed to Q.O:SPX251121C06525000
2025-11-21 10:50:50,214 - polygon - INFO - Subscribed to T.O:SPX251121C06530000
2025-11-21 10:50:50,214 - polygon - INFO - Subscribed to Q.O:SPX251121C06530000
2025-11-21 10:50:50,214 - polygon - INFO - Subscribed to T.O:SPX251121C06535000
2025-11-21 10:50:50,214 - polygon - INFO - Subscribed to Q.O:SPX251121C06535000
2025-11-21 10:50:50,214 - polygon - INFO - Subscribed to T.O:SPX251121C06540000
2025-11-21 10:50:50,214 - polygon - INFO - Subscribed to Q.O:SPX251121C06540000
2025-11-21 10:50:50,214 - polygon - INFO - Subscribed to T.O:SPX251121C06545000
2025-11-21 10:50:50,214 - polygon - INFO - Subscribed to Q.O:SPX251121C06545000
2025-11-21 10:50:50,214 - polygon - INFO - Subscribed to T.O:SPX251121C06550000
2025-11-21 10:50:50,214 - polygon - INFO - Subscribed to Q.O:SPX251121C06550000
2025-11-21 10:50:50,214 - polygon - INFO - Subscribed to T.O:SPX251121C06555000
2025-11-21 10:50:50,214 - polygon - INFO - Subscribed to Q.O:SPX251121C06555000
2025-11-21 10:50:50,214 - polygon - INFO - Subscribed to T.O:SPX251121C06560000
2025-11-21 10:50:50,214 - polygon - INFO - Subscribed to Q.O:SPX251121C06560000
2025-11-21 10:50:50,214 - polygon - INFO - Subscribed to T.O:SPX251121C06565000
2025-11-21 10:50:50,214 - polygon - INFO - Subscribed to Q.O:SPX251121C06565000
2025-11-21 10:50:50,214 - polygon - INFO - Subscribed to T.O:SPX251121C06570000
2025-11-21 10:50:50,214 - polygon - INFO - Starting mp.Queue for 4
2025-11-21 10:50:50,214 - polygon - INFO - Subscribed to Q.O:SPX251121C06570000
2025-11-21 10:50:50,214 - polygon - INFO - Subscribed to T.O:SPX251121C06575000
2025-11-21 10:50:50,214 - polygon - INFO - Subscribed to Q.O:SPX251121C06575000
2025-11-21 10:50:50,214 - polygon - INFO - Subscribed to T.O:SPX251121C06580000
2025-11-21 10:50:50,215 - polygon - INFO - Subscribed to Q.O:SPX251121C06580000
2025-11-21 10:50:50,215 - polygon - INFO - Subscribed to T.O:SPX251121C06585000
2025-11-21 10:50:50,215 - polygon - INFO - Subscribed to Q.O:SPX251121C06585000
2025-11-21 10:50:50,215 - polygon - INFO - Subscribed to T.O:SPX251121C06590000
2025-11-21 10:50:50,215 - polygon - INFO - Subscribed to Q.O:SPX251121C06590000
2025-11-21 10:50:50,215 - polygon - INFO - Subscribed to T.O:SPX251121C06595000
2025-11-21 10:50:50,215 - polygon - INFO - Subscribed to Q.O:SPX251121C06595000
2025-11-21 10:50:50,215 - polygon - INFO - Subscribed to T.O:SPX251121C06600000
2025-11-21 10:50:50,215 - polygon - INFO - Subscribed to Q.O:SPX251121C06600000
2025-11-21 10:50:50,215 - polygon - INFO - Subscribed to T.O:SPX251121C06605000
2025-11-21 10:50:50,215 - polygon - INFO - Subscribed to Q.O:SPX251121C06605000
2025-11-21 10:50:50,215 - polygon - INFO - Subscribed to T.O:SPX251121C06610000
2025-11-21 10:50:50,215 - polygon - INFO - Subscribed to Q.O:SPX251121C06610000
2025-11-21 10:50:50,215 - polygon - INFO - Subscribed to T.O:SPX251121C06615000
2025-11-21 10:50:50,215 - polygon - INFO - Subscribed to Q.O:SPX251121C06615000
2025-11-21 10:50:50,215 - polygon - INFO - Subscribed to T.O:SPX251121P06485000
2025-11-21 10:50:50,215 - polygon - INFO - Starting mp.Queue for 5
2025-11-21 10:50:50,215 - polygon - INFO - Subscribed to Q.O:SPX251121P06485000
2025-11-21 10:50:50,215 - polygon - INFO - Subscribed to T.O:SPX251121P06490000
2025-11-21 10:50:50,215 - polygon - INFO - Subscribed to Q.O:SPX251121P06490000
2025-11-21 10:50:50,215 - polygon - INFO - Subscribed to T.O:SPX251121P06495000
2025-11-21 10:50:50,215 - polygon - INFO - Subscribed to Q.O:SPX251121P06495000
2025-11-21 10:50:50,215 - polygon - INFO - Subscribed to T.O:SPX251121P06500000
2025-11-21 10:50:50,215 - polygon - INFO - Subscribed to Q.O:SPX251121P06500000
2025-11-21 10:50:50,215 - polygon - INFO - Subscribed to T.O:SPX251121P06505000
2025-11-21 10:50:50,215 - polygon - INFO - Subscribed to Q.O:SPX251121P06505000
2025-11-21 10:50:50,215 - polygon - INFO - Subscribed to T.O:SPX251121P06510000
2025-11-21 10:50:50,215 - polygon - INFO - Subscribed to Q.O:SPX251121P06510000
2025-11-21 10:50:50,215 - polygon - INFO - Subscribed to T.O:SPX251121P06515000
2025-11-21 10:50:50,216 - polygon - INFO - Subscribed to Q.O:SPX251121P06515000
2025-11-21 10:50:50,216 - polygon - INFO - Subscribed to T.O:SPX251121P06520000
2025-11-21 10:50:50,216 - polygon - INFO - Subscribed to Q.O:SPX251121P06520000
2025-11-21 10:50:50,216 - polygon - INFO - Subscribed to T.O:SPX251121P06525000
2025-11-21 10:50:50,216 - polygon - INFO - Subscribed to Q.O:SPX251121P06525000
2025-11-21 10:50:50,216 - polygon - INFO - Subscribed to T.O:SPX251121P06530000
2025-11-21 10:50:50,216 - polygon - INFO - Subscribed to Q.O:SPX251121P06530000
2025-11-21 10:50:50,216 - polygon - INFO - Subscribed to T.O:SPX251121P06535000
2025-11-21 10:50:50,216 - polygon - INFO - Subscribed to Q.O:SPX251121P06535000
2025-11-21 10:50:50,216 - polygon - INFO - Starting mp.Queue for 6
2025-11-21 10:50:50,216 - polygon - INFO - Subscribed to T.O:SPX251121P06540000
2025-11-21 10:50:50,216 - polygon - INFO - Subscribed to Q.O:SPX251121P06540000
2025-11-21 10:50:50,216 - polygon - INFO - Subscribed to T.O:SPX251121P06545000
2025-11-21 10:50:50,216 - polygon - INFO - Subscribed to Q.O:SPX251121P06545000
2025-11-21 10:50:50,216 - polygon - INFO - Subscribed to T.O:SPX251121P06550000
2025-11-21 10:50:50,216 - polygon - INFO - Subscribed to Q.O:SPX251121P06550000
2025-11-21 10:50:50,216 - polygon - INFO - Subscribed to T.O:SPX251121P06555000
2025-11-21 10:50:50,216 - polygon - INFO - Subscribed to Q.O:SPX251121P06555000
2025-11-21 10:50:50,216 - polygon - INFO - Subscribed to T.O:SPX251121P06560000
2025-11-21 10:50:50,216 - polygon - INFO - Subscribed to Q.O:SPX251121P06560000
2025-11-21 10:50:50,216 - polygon - INFO - Subscribed to T.O:SPX251121P06565000
2025-11-21 10:50:50,216 - polygon - INFO - Subscribed to Q.O:SPX251121P06565000
2025-11-21 10:50:50,216 - polygon - INFO - Subscribed to T.O:SPX251121P06570000
2025-11-21 10:50:50,216 - polygon - INFO - Subscribed to Q.O:SPX251121P06570000
2025-11-21 10:50:50,216 - polygon - INFO - Subscribed to T.O:SPX251121P06575000
2025-11-21 10:50:50,216 - polygon - INFO - Subscribed to Q.O:SPX251121P06575000
2025-11-21 10:50:50,216 - polygon - INFO - Subscribed to T.O:SPX251121P06580000
2025-11-21 10:50:50,216 - polygon - INFO - Subscribed to Q.O:SPX251121P06580000
2025-11-21 10:50:50,216 - polygon - INFO - Subscribed to T.O:SPX251121P06585000
2025-11-21 10:50:50,217 - polygon - INFO - Subscribed to Q.O:SPX251121P06585000
2025-11-21 10:50:50,217 - polygon - INFO - Subscribed to T.O:SPX251121P06590000
2025-11-21 10:50:50,217 - polygon - INFO - Subscribed to Q.O:SPX251121P06590000
2025-11-21 10:50:50,217 - polygon - INFO - Subscribed to T.O:SPX251121P06595000
2025-11-21 10:50:50,217 - polygon - INFO - Subscribed to Q.O:SPX251121P06595000
2025-11-21 10:50:50,217 - polygon - INFO - Subscribed to T.O:SPX251121P06600000
2025-11-21 10:50:50,217 - polygon - INFO - Subscribed to Q.O:SPX251121P06600000
2025-11-21 10:50:50,217 - polygon - INFO - Subscribed to T.O:SPX251121P06605000
2025-11-21 10:50:50,217 - polygon - INFO - Subscribed to Q.O:SPX251121P06605000
2025-11-21 10:50:50,217 - polygon - INFO - Subscribed to T.O:SPX251121P06610000
2025-11-21 10:50:50,217 - polygon - INFO - Subscribed to Q.O:SPX251121P06610000
2025-11-21 10:50:50,217 - polygon - INFO - Subscribed to T.O:SPX251121P06615000
2025-11-21 10:50:50,217 - polygon - INFO - Subscribed to Q.O:SPX251121P06615000
2025-11-21 10:50:50,217 - polygon - INFO - Subscribed to T.O:SPXW251121C06485000
2025-11-21 10:50:50,217 - polygon - INFO - Subscribed to Q.O:SPXW251121C06485000
2025-11-21 10:50:50,217 - polygon - INFO - Subscribed to T.O:SPXW251121C06490000
2025-11-21 10:50:50,217 - polygon - INFO - Subscribed to Q.O:SPXW251121C06490000
2025-11-21 10:50:50,217 - polygon - INFO - Subscribed to T.O:SPXW251121C06495000
2025-11-21 10:50:50,217 - polygon - INFO - Subscribed to Q.O:SPXW251121C06495000
2025-11-21 10:50:50,217 - polygon - INFO - Subscribed to T.O:SPXW251121C06500000
2025-11-21 10:50:50,217 - polygon - INFO - Subscribed to Q.O:SPXW251121C06500000
2025-11-21 10:50:50,217 - polygon - INFO - Subscribed to T.O:SPXW251121C06505000
2025-11-21 10:50:50,217 - polygon - INFO - Subscribed to Q.O:SPXW251121C06505000
2025-11-21 10:50:50,217 - polygon - INFO - Subscribed to T.O:SPXW251121C06510000
2025-11-21 10:50:50,217 - polygon - INFO - Subscribed to Q.O:SPXW251121C06510000
2025-11-21 10:50:50,217 - polygon - INFO - Subscribed to T.O:SPXW251121C06515000
2025-11-21 10:50:50,217 - polygon - INFO - Subscribed to Q.O:SPXW251121C06515000
2025-11-21 10:50:50,217 - polygon - INFO - Subscribed to T.O:SPXW251121C06520000
2025-11-21 10:50:50,218 - polygon - INFO - Subscribed to Q.O:SPXW251121C06520000
2025-11-21 10:50:50,218 - polygon - INFO - Subscribed to T.O:SPXW251121C06525000
2025-11-21 10:50:50,218 - polygon - INFO - Subscribed to Q.O:SPXW251121C06525000
2025-11-21 10:50:50,218 - polygon - INFO - Subscribed to T.O:SPXW251121C06530000
2025-11-21 10:50:50,218 - polygon - INFO - Subscribed to Q.O:SPXW251121C06530000
2025-11-21 10:50:50,218 - polygon - INFO - Subscribed to T.O:SPXW251121C06535000
2025-11-21 10:50:50,218 - polygon - INFO - Subscribed to Q.O:SPXW251121C06535000
2025-11-21 10:50:50,218 - polygon - INFO - Subscribed to T.O:SPXW251121C06540000
2025-11-21 10:50:50,218 - polygon - INFO - Subscribed to Q.O:SPXW251121C06540000
2025-11-21 10:50:50,218 - polygon - INFO - Subscribed to T.O:SPXW251121C06545000
2025-11-21 10:50:50,218 - polygon - INFO - Subscribed to Q.O:SPXW251121C06545000
2025-11-21 10:50:50,218 - polygon - INFO - Subscribed to T.O:SPXW251121C06550000
2025-11-21 10:50:50,218 - polygon - INFO - Subscribed to Q.O:SPXW251121C06550000
2025-11-21 10:50:50,218 - polygon - INFO - Subscribed to T.O:SPXW251121C06555000
2025-11-21 10:50:50,218 - polygon - INFO - Subscribed to Q.O:SPXW251121C06555000
2025-11-21 10:50:50,218 - polygon - INFO - Subscribed to T.O:SPXW251121C06560000
2025-11-21 10:50:50,218 - polygon - INFO - Subscribed to Q.O:SPXW251121C06560000
2025-11-21 10:50:50,218 - polygon - INFO - Subscribed to T.O:SPXW251121C06565000
2025-11-21 10:50:50,218 - polygon - INFO - Subscribed to Q.O:SPXW251121C06565000
2025-11-21 10:50:50,218 - polygon - INFO - Subscribed to T.O:SPXW251121C06570000
2025-11-21 10:50:50,218 - polygon - INFO - Subscribed to Q.O:SPXW251121C06570000
2025-11-21 10:50:50,218 - polygon - INFO - Subscribed to T.O:SPXW251121C06575000
2025-11-21 10:50:50,218 - polygon - INFO - Subscribed to Q.O:SPXW251121C06575000
2025-11-21 10:50:50,218 - polygon - INFO - Subscribed to T.O:SPXW251121C06580000
2025-11-21 10:50:50,218 - polygon - INFO - Subscribed to Q.O:SPXW251121C06580000
2025-11-21 10:50:50,218 - polygon - INFO - Subscribed to T.O:SPXW251121C06585000
2025-11-21 10:50:50,218 - polygon - INFO - Subscribed to Q.O:SPXW251121C06585000
2025-11-21 10:50:50,218 - polygon - INFO - Subscribed to T.O:SPXW251121C06590000
2025-11-21 10:50:50,218 - polygon - INFO - Subscribed to Q.O:SPXW251121C06590000
2025-11-21 10:50:50,219 - polygon - INFO - Subscribed to T.O:SPXW251121C06595000
2025-11-21 10:50:50,219 - polygon - INFO - Subscribed to Q.O:SPXW251121C06595000
2025-11-21 10:50:50,219 - polygon - INFO - Subscribed to T.O:SPXW251121C06600000
2025-11-21 10:50:50,219 - polygon - INFO - Subscribed to Q.O:SPXW251121C06600000
2025-11-21 10:50:50,219 - polygon - INFO - Subscribed to T.O:SPXW251121C06605000
2025-11-21 10:50:50,219 - polygon - INFO - Subscribed to Q.O:SPXW251121C06605000
2025-11-21 10:50:50,219 - polygon - INFO - Subscribed to T.O:SPXW251121C06610000
2025-11-21 10:50:50,219 - polygon - INFO - Subscribed to Q.O:SPXW251121C06610000
2025-11-21 10:50:50,219 - polygon - INFO - Subscribed to T.O:SPXW251121C06615000
2025-11-21 10:50:50,219 - polygon - INFO - Subscribed to Q.O:SPXW251121C06615000
2025-11-21 10:50:50,219 - polygon - INFO - Subscribed to T.O:SPXW251121P06485000
2025-11-21 10:50:50,219 - polygon - INFO - Subscribed to Q.O:SPXW251121P06485000
2025-11-21 10:50:50,219 - polygon - INFO - Subscribed to T.O:SPXW251121P06490000
2025-11-21 10:50:50,219 - polygon - INFO - Subscribed to Q.O:SPXW251121P06490000
2025-11-21 10:50:50,219 - polygon - INFO - Subscribed to T.O:SPXW251121P06495000
2025-11-21 10:50:50,219 - polygon - INFO - Subscribed to Q.O:SPXW251121P06495000
2025-11-21 10:50:50,219 - polygon - INFO - Subscribed to T.O:SPXW251121P06500000
2025-11-21 10:50:50,219 - polygon - INFO - Subscribed to Q.O:SPXW251121P06500000
2025-11-21 10:50:50,219 - polygon - INFO - Subscribed to T.O:SPXW251121P06505000
2025-11-21 10:50:50,219 - polygon - INFO - Subscribed to Q.O:SPXW251121P06505000
2025-11-21 10:50:50,219 - polygon - INFO - Subscribed to T.O:SPXW251121P06510000
2025-11-21 10:50:50,219 - polygon - INFO - Subscribed to Q.O:SPXW251121P06510000
2025-11-21 10:50:50,219 - polygon - INFO - Subscribed to T.O:SPXW251121P06515000
2025-11-21 10:50:50,219 - polygon - INFO - Subscribed to Q.O:SPXW251121P06515000
2025-11-21 10:50:50,219 - polygon - INFO - Subscribed to T.O:SPXW251121P06520000
2025-11-21 10:50:50,219 - polygon - INFO - Subscribed to Q.O:SPXW251121P06520000
2025-11-21 10:50:50,219 - polygon - INFO - Subscribed to T.O:SPXW251121P06525000
2025-11-21 10:50:50,219 - polygon - INFO - Subscribed to Q.O:SPXW251121P06525000
2025-11-21 10:50:50,220 - polygon - INFO - Subscribed to T.O:SPXW251121P06530000
2025-11-21 10:50:50,220 - polygon - INFO - Subscribed to Q.O:SPXW251121P06530000
2025-11-21 10:50:50,220 - polygon - INFO - Subscribed to T.O:SPXW251121P06535000
2025-11-21 10:50:50,220 - polygon - INFO - Subscribed to Q.O:SPXW251121P06535000
2025-11-21 10:50:50,220 - polygon - INFO - Subscribed to T.O:SPXW251121P06540000
2025-11-21 10:50:50,220 - polygon - INFO - Subscribed to Q.O:SPXW251121P06540000
2025-11-21 10:50:50,220 - polygon - INFO - Subscribed to T.O:SPXW251121P06545000
2025-11-21 10:50:50,220 - polygon - INFO - Subscribed to Q.O:SPXW251121P06545000
2025-11-21 10:50:50,220 - polygon - INFO - Subscribed to T.O:SPXW251121P06550000
2025-11-21 10:50:50,220 - polygon - INFO - Subscribed to Q.O:SPXW251121P06550000
2025-11-21 10:50:50,220 - polygon - INFO - Subscribed to T.O:SPXW251121P06555000
2025-11-21 10:50:50,220 - polygon - INFO - Subscribed to Q.O:SPXW251121P06555000
2025-11-21 10:50:50,220 - polygon - INFO - Subscribed to T.O:SPXW251121P06560000
2025-11-21 10:50:50,220 - polygon - INFO - Subscribed to Q.O:SPXW251121P06560000
2025-11-21 10:50:50,220 - polygon - INFO - Subscribed to T.O:SPXW251121P06565000
2025-11-21 10:50:50,220 - polygon - INFO - Subscribed to Q.O:SPXW251121P06565000
2025-11-21 10:50:50,220 - polygon - INFO - Subscribed to T.O:SPXW251121P06570000
2025-11-21 10:50:50,220 - polygon - INFO - Subscribed to Q.O:SPXW251121P06570000
2025-11-21 10:50:50,220 - polygon - INFO - Subscribed to T.O:SPXW251121P06575000
2025-11-21 10:50:50,220 - polygon - INFO - Subscribed to Q.O:SPXW251121P06575000
2025-11-21 10:50:50,220 - polygon - INFO - Subscribed to T.O:SPXW251121P06580000
2025-11-21 10:50:50,220 - polygon - INFO - Subscribed to Q.O:SPXW251121P06580000
2025-11-21 10:50:50,220 - polygon - INFO - Subscribed to T.O:SPXW251121P06585000
2025-11-21 10:50:50,220 - polygon - INFO - Subscribed to Q.O:SPXW251121P06585000
2025-11-21 10:50:50,220 - polygon - INFO - Subscribed to T.O:SPXW251121P06590000
2025-11-21 10:50:50,220 - polygon - INFO - Subscribed to Q.O:SPXW251121P06590000
2025-11-21 10:50:50,220 - polygon - INFO - Subscribed to T.O:SPXW251121P06595000
2025-11-21 10:50:50,220 - polygon - INFO - Subscribed to Q.O:SPXW251121P06595000
2025-11-21 10:50:50,220 - polygon - INFO - Subscribed to T.O:SPXW251121P06600000
2025-11-21 10:50:50,221 - polygon - INFO - Subscribed to Q.O:SPXW251121P06600000
2025-11-21 10:50:50,221 - polygon - INFO - Subscribed to T.O:SPXW251121P06605000
2025-11-21 10:50:50,221 - polygon - INFO - Subscribed to Q.O:SPXW251121P06605000
2025-11-21 10:50:50,221 - polygon - INFO - Subscribed to T.O:SPXW251121P06610000
2025-11-21 10:50:50,221 - polygon - INFO - Subscribed to Q.O:SPXW251121P06610000
2025-11-21 10:50:50,221 - polygon - INFO - Subscribed to T.O:SPXW251121P06615000
2025-11-21 10:50:50,221 - polygon - INFO - Subscribed to Q.O:SPXW251121P06615000
2025-11-21 10:50:50,221 - polygon - INFO - Options Data subscription complete
2025-11-21 10:51:40,217 - polygon - WARNING - No data received for 50s — reconnecting...
